2020-01-14 16:01:18.487  INFO 9180 --- [main] com.xr.boot.BootApplication              : Starting BootApplication on E53WRL7JY0MW6H1 with PID 9180 (H:\working\Bos\target\classes started by Administrator in H:\working\Bos)
2020-01-14 16:01:18.505 DEBUG 9180 --- [main] com.xr.boot.BootApplication              : Running with Spring Boot v2.2.1.RELEASE, Spring v5.2.1.RELEASE
2020-01-14 16:01:18.508  INFO 9180 --- [main] com.xr.boot.BootApplication              : No active profile set, falling back to default profiles: default
2020-01-14 16:01:22.805  INFO 9180 --- [main] .s.d.r.c.RepositoryConfigurationDelegate : Multiple Spring Data modules found, entering strict repository configuration mode!
2020-01-14 16:01:22.820  INFO 9180 --- [main] .s.d.r.c.RepositoryConfigurationDelegate : Bootstrapping Spring Data repositories in DEFAULT mode.
2020-01-14 16:01:22.916  INFO 9180 --- [main] .s.d.r.c.RepositoryConfigurationDelegate : Finished Spring Data repository scanning in 35ms. Found 0 repository interfaces.
2020-01-14 16:01:24.280  INFO 9180 --- [main] trationDelegate$BeanPostProcessorChecker : Bean 'org.springframework.transaction.annotation.ProxyTransactionManagementConfiguration' of type [org.springframework.transaction.annotation.ProxyTransactionManagementConfiguration] is not eligible for getting processed by all BeanPostProcessors (for example: not eligible for auto-proxying)
2020-01-14 16:01:25.229  INFO 9180 --- [main] o.s.b.w.embedded.tomcat.TomcatWebServer  : Tomcat initialized with port(s): 8080 (http)
2020-01-14 16:01:25.252  INFO 9180 --- [main] o.apache.catalina.core.StandardService   : Starting service [Tomcat]
2020-01-14 16:01:25.253  INFO 9180 --- [main] org.apache.catalina.core.StandardEngine  : Starting Servlet engine: [Apache Tomcat/9.0.27]
2020-01-14 16:01:25.257  INFO 9180 --- [main] o.a.catalina.core.AprLifecycleListener   : An older version [1.2.21] of the APR based Apache Tomcat Native library is installed, while Tomcat recommends a minimum version of [1.2.23]
2020-01-14 16:01:25.257  INFO 9180 --- [main] o.a.catalina.core.AprLifecycleListener   : Loaded APR based Apache Tomcat Native library [1.2.21] using APR version [1.6.5].
2020-01-14 16:01:25.258  INFO 9180 --- [main] o.a.catalina.core.AprLifecycleListener   : APR capabilities: IPv6 [true], sendfile [true], accept filters [false], random [true].
2020-01-14 16:01:25.258  INFO 9180 --- [main] o.a.catalina.core.AprLifecycleListener   : APR/OpenSSL configuration: useAprConnector [false], useOpenSSL [true]
2020-01-14 16:01:25.315  INFO 9180 --- [main] o.a.catalina.core.AprLifecycleListener   : OpenSSL successfully initialized [OpenSSL 1.1.1a  20 Nov 2018]
2020-01-14 16:01:26.236  INFO 9180 --- [main] o.a.c.c.C.[Tomcat].[localhost].[/]       : Initializing Spring embedded WebApplicationContext
2020-01-14 16:01:26.237  INFO 9180 --- [main] o.s.web.context.ContextLoader            : Root WebApplicationContext: initialization completed in 6544 ms
2020-01-14 16:01:26.332 DEBUG 9180 --- [main] com.xr.boot.config.PutFilter             : Filter 'putFilter' configured for use
2020-01-14 16:01:27.218  INFO 9180 --- [main] com.alibaba.druid.pool.DruidDataSource   : {dataSource-1} inited
2020-01-14 16:01:30.485  INFO 9180 --- [main] com.alibaba.druid.pool.DruidDataSource   : {dataSource-2} inited
2020-01-14 16:01:32.660 ERROR 9180 --- [Druid-ConnectionPool-Create-1692481404] com.alibaba.druid.pool.DruidDataSource   : create connection SQLException, url: jdbc:mysql://47.100.39.234:3308/bos?useUnicode=true&characterEncoding=utf8&useSSL=false&allowMultiQueries=true, errorCode 0, state 08S01

com.mysql.jdbc.exceptions.jdbc4.CommunicationsException: Communications link failure

The last packet successfully received from the server was 1,006 milliseconds ago.  The last packet sent successfully to the server was 1,006 milliseconds ago.
	at sun.reflect.NativeConstructorAccessorImpl.newInstance0(Native Method) ~[na:1.8.0_211]
	at sun.reflect.NativeConstructorAccessorImpl.newInstance(NativeConstructorAccessorImpl.java:62) ~[na:1.8.0_211]
	at sun.reflect.DelegatingConstructorAccessorImpl.newInstance(DelegatingConstructorAccessorImpl.java:45) ~[na:1.8.0_211]
	at java.lang.reflect.Constructor.newInstance(Constructor.java:423) ~[na:1.8.0_211]
	at com.mysql.jdbc.Util.handleNewInstance(Util.java:425) ~[mysql-connector-java-5.1.47.jar:5.1.47]
	at com.mysql.jdbc.SQLError.createCommunicationsException(SQLError.java:990) ~[mysql-connector-java-5.1.47.jar:5.1.47]
	at com.mysql.jdbc.MysqlIO.reuseAndReadPacket(MysqlIO.java:3562) ~[mysql-connector-java-5.1.47.jar:5.1.47]
	at com.mysql.jdbc.MysqlIO.reuseAndReadPacket(MysqlIO.java:3462) ~[mysql-connector-java-5.1.47.jar:5.1.47]
	at com.mysql.jdbc.MysqlIO.checkErrorPacket(MysqlIO.java:3905) ~[mysql-connector-java-5.1.47.jar:5.1.47]
	at com.mysql.jdbc.MysqlIO.sendCommand(MysqlIO.java:2530) ~[mysql-connector-java-5.1.47.jar:5.1.47]
	at com.mysql.jdbc.ConnectionImpl.pingInternal(ConnectionImpl.java:3935) ~[mysql-connector-java-5.1.47.jar:5.1.47]
	at sun.reflect.NativeMethodAccessorImpl.invoke0(Native Method) ~[na:1.8.0_211]
	at sun.reflect.NativeMethodAccessorImpl.invoke(NativeMethodAccessorImpl.java:62) ~[na:1.8.0_211]
	at sun.reflect.DelegatingMethodAccessorImpl.invoke(DelegatingMethodAccessorImpl.java:43) ~[na:1.8.0_211]
	at java.lang.reflect.Method.invoke(Method.java:498) ~[na:1.8.0_211]
	at com.alibaba.druid.pool.vendor.MySqlValidConnectionChecker.isValidConnection(MySqlValidConnectionChecker.java:107) ~[druid-1.1.18.jar:1.1.18]
	at com.alibaba.druid.pool.DruidAbstractDataSource.validateConnection(DruidAbstractDataSource.java:1384) ~[druid-1.1.18.jar:1.1.18]
	at com.alibaba.druid.pool.DruidAbstractDataSource.createPhysicalConnection(DruidAbstractDataSource.java:1672) ~[druid-1.1.18.jar:1.1.18]
	at com.alibaba.druid.pool.DruidDataSource$CreateConnectionThread.run(DruidDataSource.java:2697) ~[druid-1.1.18.jar:1.1.18]
Caused by: java.net.SocketTimeoutException: Read timed out
	at java.net.SocketInputStream.socketRead0(Native Method) ~[na:1.8.0_211]
	at java.net.SocketInputStream.socketRead(SocketInputStream.java:116) ~[na:1.8.0_211]
	at java.net.SocketInputStream.read(SocketInputStream.java:171) ~[na:1.8.0_211]
	at java.net.SocketInputStream.read(SocketInputStream.java:141) ~[na:1.8.0_211]
	at com.mysql.jdbc.util.ReadAheadInputStream.fill(ReadAheadInputStream.java:101) ~[mysql-connector-java-5.1.47.jar:5.1.47]
	at com.mysql.jdbc.util.ReadAheadInputStream.readFromUnderlyingStreamIfNecessary(ReadAheadInputStream.java:144) ~[mysql-connector-java-5.1.47.jar:5.1.47]
	at com.mysql.jdbc.util.ReadAheadInputStream.read(ReadAheadInputStream.java:174) ~[mysql-connector-java-5.1.47.jar:5.1.47]
	at com.mysql.jdbc.MysqlIO.readFully(MysqlIO.java:3011) ~[mysql-connector-java-5.1.47.jar:5.1.47]
	at com.mysql.jdbc.MysqlIO.reuseAndReadPacket(MysqlIO.java:3472) ~[mysql-connector-java-5.1.47.jar:5.1.47]
	... 12 common frames omitted

2020-01-14 16:01:35.651  INFO 9180 --- [main] o.a.s.core.util.ConfigurationLogger      : MasterSlaveRuleConfiguration
loadBalanceAlgorithmType: round_robin
masterDataSourceName: ds0
name: dataSource
slaveDataSourceNames:
- ds1

2020-01-14 16:01:35.652  INFO 9180 --- [main] o.a.s.core.util.ConfigurationLogger      : Properties
{}

2020-01-14 16:01:38.933  INFO 9180 --- [main] pertySourcedRequestMappingHandlerMapping : Mapped URL path [/v2/api-docs] onto method [springfox.documentation.swagger2.web.Swagger2Controller#getDocumentation(String, HttpServletRequest)]
2020-01-14 16:01:39.172  INFO 9180 --- [main] o.s.s.concurrent.ThreadPoolTaskExecutor  : Initializing ExecutorService 'applicationTaskExecutor'
2020-01-14 16:01:39.926  INFO 9180 --- [main] org.redisson.Version                     : Redisson 3.2.0
2020-01-14 16:01:43.579  INFO 9180 --- [nioEventLoopGroup-4-3] o.r.c.pool.SinglePubSubConnectionPool    : 1 connections initialized for /47.100.39.234:6378
2020-01-14 16:01:43.580  INFO 9180 --- [nioEventLoopGroup-4-3] o.r.c.pool.MasterConnectionPool          : 5 connections initialized for /47.100.39.234:6378
2020-01-14 16:01:43.690  INFO 9180 --- [main] d.s.w.p.DocumentationPluginsBootstrapper : Context refreshed
2020-01-14 16:01:43.717  INFO 9180 --- [main] d.s.w.p.DocumentationPluginsBootstrapper : Found 1 custom documentation plugin(s)
2020-01-14 16:01:43.769  INFO 9180 --- [main] s.d.s.w.s.ApiListingReferenceScanner     : Scanning for api listing references
2020-01-14 16:01:43.843  INFO 9180 --- [main] o.s.b.w.embedded.tomcat.TomcatWebServer  : Tomcat started on port(s): 8080 (http) with context path ''
2020-01-14 16:01:43.849  INFO 9180 --- [main] com.xr.boot.BootApplication              : Started BootApplication in 27.619 seconds (JVM running for 30.446)
2020-01-14 16:02:07.298  INFO 11000 --- [main] com.xr.boot.BootApplication              : Starting BootApplication on E53WRL7JY0MW6H1 with PID 11000 (H:\working\Bos\target\classes started by Administrator in H:\working\Bos)
2020-01-14 16:02:07.302 DEBUG 11000 --- [main] com.xr.boot.BootApplication              : Running with Spring Boot v2.2.1.RELEASE, Spring v5.2.1.RELEASE
2020-01-14 16:02:07.303  INFO 11000 --- [main] com.xr.boot.BootApplication              : No active profile set, falling back to default profiles: default
2020-01-14 16:02:10.138  INFO 11000 --- [main] .s.d.r.c.RepositoryConfigurationDelegate : Multiple Spring Data modules found, entering strict repository configuration mode!
2020-01-14 16:02:10.143  INFO 11000 --- [main] .s.d.r.c.RepositoryConfigurationDelegate : Bootstrapping Spring Data repositories in DEFAULT mode.
2020-01-14 16:02:10.267  INFO 11000 --- [main] .s.d.r.c.RepositoryConfigurationDelegate : Finished Spring Data repository scanning in 76ms. Found 0 repository interfaces.
2020-01-14 16:02:10.940  INFO 11000 --- [main] trationDelegate$BeanPostProcessorChecker : Bean 'org.springframework.transaction.annotation.ProxyTransactionManagementConfiguration' of type [org.springframework.transaction.annotation.ProxyTransactionManagementConfiguration] is not eligible for getting processed by all BeanPostProcessors (for example: not eligible for auto-proxying)
2020-01-14 16:02:11.698  INFO 11000 --- [main] o.s.b.w.embedded.tomcat.TomcatWebServer  : Tomcat initialized with port(s): 8080 (http)
2020-01-14 16:02:11.715  INFO 11000 --- [main] o.apache.catalina.core.StandardService   : Starting service [Tomcat]
2020-01-14 16:02:11.716  INFO 11000 --- [main] org.apache.catalina.core.StandardEngine  : Starting Servlet engine: [Apache Tomcat/9.0.27]
2020-01-14 16:02:11.720  INFO 11000 --- [main] o.a.catalina.core.AprLifecycleListener   : An older version [1.2.21] of the APR based Apache Tomcat Native library is installed, while Tomcat recommends a minimum version of [1.2.23]
2020-01-14 16:02:11.721  INFO 11000 --- [main] o.a.catalina.core.AprLifecycleListener   : Loaded APR based Apache Tomcat Native library [1.2.21] using APR version [1.6.5].
2020-01-14 16:02:11.721  INFO 11000 --- [main] o.a.catalina.core.AprLifecycleListener   : APR capabilities: IPv6 [true], sendfile [true], accept filters [false], random [true].
2020-01-14 16:02:11.722  INFO 11000 --- [main] o.a.catalina.core.AprLifecycleListener   : APR/OpenSSL configuration: useAprConnector [false], useOpenSSL [true]
2020-01-14 16:02:11.729  INFO 11000 --- [main] o.a.catalina.core.AprLifecycleListener   : OpenSSL successfully initialized [OpenSSL 1.1.1a  20 Nov 2018]
2020-01-14 16:02:12.044  INFO 11000 --- [main] o.a.c.c.C.[Tomcat].[localhost].[/]       : Initializing Spring embedded WebApplicationContext
2020-01-14 16:02:12.045  INFO 11000 --- [main] o.s.web.context.ContextLoader            : Root WebApplicationContext: initialization completed in 3896 ms
2020-01-14 16:02:12.364 DEBUG 11000 --- [main] com.xr.boot.config.PutFilter             : Filter 'putFilter' configured for use
2020-01-14 16:02:13.098  INFO 11000 --- [main] com.alibaba.druid.pool.DruidDataSource   : {dataSource-1} inited
2020-01-14 16:02:17.460  INFO 11000 --- [main] com.alibaba.druid.pool.DruidDataSource   : {dataSource-2} inited
2020-01-14 16:02:19.565  INFO 11000 --- [main] o.a.s.core.util.ConfigurationLogger      : MasterSlaveRuleConfiguration
loadBalanceAlgorithmType: round_robin
masterDataSourceName: ds0
name: dataSource
slaveDataSourceNames:
- ds1

2020-01-14 16:02:19.568  INFO 11000 --- [main] o.a.s.core.util.ConfigurationLogger      : Properties
{}

2020-01-14 16:02:20.986  INFO 11000 --- [main] pertySourcedRequestMappingHandlerMapping : Mapped URL path [/v2/api-docs] onto method [springfox.documentation.swagger2.web.Swagger2Controller#getDocumentation(String, HttpServletRequest)]
2020-01-14 16:02:21.218  INFO 11000 --- [main] o.s.s.concurrent.ThreadPoolTaskExecutor  : Initializing ExecutorService 'applicationTaskExecutor'
2020-01-14 16:02:21.916  INFO 11000 --- [main] org.redisson.Version                     : Redisson 3.2.0
2020-01-14 16:02:24.495  INFO 11000 --- [nioEventLoopGroup-4-2] o.r.c.pool.MasterConnectionPool          : 5 connections initialized for /47.100.39.234:6378
2020-01-14 16:02:24.496  INFO 11000 --- [nioEventLoopGroup-4-3] o.r.c.pool.SinglePubSubConnectionPool    : 1 connections initialized for /47.100.39.234:6378
2020-01-14 16:02:24.592  INFO 11000 --- [main] d.s.w.p.DocumentationPluginsBootstrapper : Context refreshed
2020-01-14 16:02:24.615  INFO 11000 --- [main] d.s.w.p.DocumentationPluginsBootstrapper : Found 1 custom documentation plugin(s)
2020-01-14 16:02:24.664  INFO 11000 --- [main] s.d.s.w.s.ApiListingReferenceScanner     : Scanning for api listing references
2020-01-14 16:02:24.755  INFO 11000 --- [main] o.s.b.w.embedded.tomcat.TomcatWebServer  : Tomcat started on port(s): 8080 (http) with context path ''
2020-01-14 16:02:24.761  INFO 11000 --- [main] com.xr.boot.BootApplication              : Started BootApplication in 19.506 seconds (JVM running for 24.929)
2020-01-14 16:02:34.532  INFO 11000 --- [http-nio-8080-exec-1] o.a.c.c.C.[Tomcat].[localhost].[/]       : Initializing Spring DispatcherServlet 'dispatcherServlet'
2020-01-14 16:02:34.534  INFO 11000 --- [http-nio-8080-exec-1] o.s.web.servlet.DispatcherServlet        : Initializing Servlet 'dispatcherServlet'
2020-01-14 16:02:34.554  INFO 11000 --- [http-nio-8080-exec-1] o.s.web.servlet.DispatcherServlet        : Completed initialization in 19 ms
2020-01-14 16:02:34.823  INFO 11000 --- [http-nio-8080-exec-1] io.lettuce.core.EpollProvider            : Starting without optional epoll library
2020-01-14 16:02:34.827  INFO 11000 --- [http-nio-8080-exec-1] io.lettuce.core.KqueueProvider           : Starting without optional kqueue library
2020-01-14 16:02:35.979 DEBUG 11000 --- [http-nio-8080-exec-1] c.x.b.d.b.B.findBasicArchives            : ==>  Preparing: SELECT bb.ID,bb.BasicFileNumber,bb.`Name`,bb.Grade,bb.OperatorID,bb.OperationUnitID,bb.Remarks,bb.OperationTime FROM bas_basicarchives bb,sy_emp se,sy_units su WHERE (bb.OperatorID=se.ID and bb.OperationUnitID=su.ID and 1=1) order by bb.grade desc,bb.operationtime desc 
2020-01-14 16:02:37.482 DEBUG 11000 --- [http-nio-8080-exec-1] c.x.b.d.b.B.findBasicArchives            : ==> Parameters: 
2020-01-14 16:02:37.556 DEBUG 11000 --- [http-nio-8080-exec-1] c.x.b.d.s.SyEmpMapper.findSyEmpById      : ====>  Preparing: select ID,EmpName,EmpNo,Pwd,QueryPwd,RoleID,EmpUnit,Remark,Disabled from sy_emp where ID=? 
2020-01-14 16:02:37.589 DEBUG 11000 --- [http-nio-8080-exec-1] c.x.b.d.s.SyEmpMapper.findSyEmpById      : ====> Parameters: 1(Integer)
2020-01-14 16:02:37.653 DEBUG 11000 --- [http-nio-8080-exec-1] c.x.b.d.s.SyEmpMapper.findSyEmpById      : <====      Total: 1
2020-01-14 16:02:37.655 DEBUG 11000 --- [http-nio-8080-exec-1] c.x.b.d.s.SyUnitsMapper.findSyUnitById   : ====>  Preparing: select ID,`Name`,Remarks,OperatorID,parentid,OperationTime,Stats from sy_units where id=? 
2020-01-14 16:02:37.678 DEBUG 11000 --- [http-nio-8080-exec-1] c.x.b.d.s.SyUnitsMapper.findSyUnitById   : ====> Parameters: 2(Integer)
2020-01-14 16:02:38.458 DEBUG 11000 --- [http-nio-8080-exec-1] c.x.b.d.s.SyUnitsMapper.findSyUnitById   : <====      Total: 1
2020-01-14 16:02:38.461 DEBUG 11000 --- [http-nio-8080-exec-1] c.x.b.d.s.SyEmpMapper.findSyEmpById      : ====>  Preparing: select ID,EmpName,EmpNo,Pwd,QueryPwd,RoleID,EmpUnit,Remark,Disabled from sy_emp where ID=? 
2020-01-14 16:02:38.462 DEBUG 11000 --- [http-nio-8080-exec-1] c.x.b.d.s.SyEmpMapper.findSyEmpById      : ====> Parameters: 3(Integer)
2020-01-14 16:02:38.535 DEBUG 11000 --- [http-nio-8080-exec-1] c.x.b.d.s.SyEmpMapper.findSyEmpById      : <====      Total: 1
2020-01-14 16:02:38.542 DEBUG 11000 --- [http-nio-8080-exec-1] c.x.b.d.b.B.findBasicArchives            : <==      Total: 13
2020-01-14 16:02:48.458 DEBUG 11000 --- [http-nio-8080-exec-2] c.x.b.c.b.BasicArchiveController         : 从redis中取出值
2020-01-14 16:05:51.227  INFO 8868 --- [main] com.xr.boot.BootApplication              : Starting BootApplication on E53WRL7JY0MW6H1 with PID 8868 (H:\working\Bos\target\classes started by Administrator in H:\working\Bos)
2020-01-14 16:05:51.232 DEBUG 8868 --- [main] com.xr.boot.BootApplication              : Running with Spring Boot v2.2.1.RELEASE, Spring v5.2.1.RELEASE
2020-01-14 16:05:51.232  INFO 8868 --- [main] com.xr.boot.BootApplication              : No active profile set, falling back to default profiles: default
2020-01-14 16:05:53.711  INFO 8868 --- [main] .s.d.r.c.RepositoryConfigurationDelegate : Multiple Spring Data modules found, entering strict repository configuration mode!
2020-01-14 16:05:53.715  INFO 8868 --- [main] .s.d.r.c.RepositoryConfigurationDelegate : Bootstrapping Spring Data repositories in DEFAULT mode.
2020-01-14 16:05:53.785  INFO 8868 --- [main] .s.d.r.c.RepositoryConfigurationDelegate : Finished Spring Data repository scanning in 30ms. Found 0 repository interfaces.
2020-01-14 16:05:54.350  INFO 8868 --- [main] trationDelegate$BeanPostProcessorChecker : Bean 'org.springframework.transaction.annotation.ProxyTransactionManagementConfiguration' of type [org.springframework.transaction.annotation.ProxyTransactionManagementConfiguration] is not eligible for getting processed by all BeanPostProcessors (for example: not eligible for auto-proxying)
2020-01-14 16:05:54.995  INFO 8868 --- [main] o.s.b.w.embedded.tomcat.TomcatWebServer  : Tomcat initialized with port(s): 8080 (http)
2020-01-14 16:05:55.010  INFO 8868 --- [main] o.apache.catalina.core.StandardService   : Starting service [Tomcat]
2020-01-14 16:05:55.011  INFO 8868 --- [main] org.apache.catalina.core.StandardEngine  : Starting Servlet engine: [Apache Tomcat/9.0.27]
2020-01-14 16:05:55.014  INFO 8868 --- [main] o.a.catalina.core.AprLifecycleListener   : An older version [1.2.21] of the APR based Apache Tomcat Native library is installed, while Tomcat recommends a minimum version of [1.2.23]
2020-01-14 16:05:55.015  INFO 8868 --- [main] o.a.catalina.core.AprLifecycleListener   : Loaded APR based Apache Tomcat Native library [1.2.21] using APR version [1.6.5].
2020-01-14 16:05:55.015  INFO 8868 --- [main] o.a.catalina.core.AprLifecycleListener   : APR capabilities: IPv6 [true], sendfile [true], accept filters [false], random [true].
2020-01-14 16:05:55.016  INFO 8868 --- [main] o.a.catalina.core.AprLifecycleListener   : APR/OpenSSL configuration: useAprConnector [false], useOpenSSL [true]
2020-01-14 16:05:55.022  INFO 8868 --- [main] o.a.catalina.core.AprLifecycleListener   : OpenSSL successfully initialized [OpenSSL 1.1.1a  20 Nov 2018]
2020-01-14 16:05:55.461  INFO 8868 --- [main] o.a.c.c.C.[Tomcat].[localhost].[/]       : Initializing Spring embedded WebApplicationContext
2020-01-14 16:05:55.468  INFO 8868 --- [main] o.s.web.context.ContextLoader            : Root WebApplicationContext: initialization completed in 3475 ms
2020-01-14 16:05:55.555 DEBUG 8868 --- [main] com.xr.boot.config.PutFilter             : Filter 'putFilter' configured for use
2020-01-14 16:05:56.299  INFO 8868 --- [main] com.alibaba.druid.pool.DruidDataSource   : {dataSource-1} inited
2020-01-14 16:05:58.669  INFO 8868 --- [main] com.alibaba.druid.pool.DruidDataSource   : {dataSource-2} inited
2020-01-14 16:06:01.540  INFO 8868 --- [main] o.a.s.core.util.ConfigurationLogger      : MasterSlaveRuleConfiguration
loadBalanceAlgorithmType: round_robin
masterDataSourceName: ds0
name: dataSource
slaveDataSourceNames:
- ds1

2020-01-14 16:06:01.542  INFO 8868 --- [main] o.a.s.core.util.ConfigurationLogger      : Properties
{}

2020-01-14 16:06:03.003  INFO 8868 --- [main] pertySourcedRequestMappingHandlerMapping : Mapped URL path [/v2/api-docs] onto method [springfox.documentation.swagger2.web.Swagger2Controller#getDocumentation(String, HttpServletRequest)]
2020-01-14 16:06:03.226  INFO 8868 --- [main] o.s.s.concurrent.ThreadPoolTaskExecutor  : Initializing ExecutorService 'applicationTaskExecutor'
2020-01-14 16:06:03.977  INFO 8868 --- [main] org.redisson.Version                     : Redisson 3.2.0
2020-01-14 16:06:05.659  INFO 8868 --- [nioEventLoopGroup-4-3] o.r.c.pool.SinglePubSubConnectionPool    : 1 connections initialized for /47.100.39.234:6378
2020-01-14 16:06:05.659  INFO 8868 --- [nioEventLoopGroup-4-2] o.r.c.pool.MasterConnectionPool          : 5 connections initialized for /47.100.39.234:6378
2020-01-14 16:06:05.776  INFO 8868 --- [main] d.s.w.p.DocumentationPluginsBootstrapper : Context refreshed
2020-01-14 16:06:05.810  INFO 8868 --- [main] d.s.w.p.DocumentationPluginsBootstrapper : Found 1 custom documentation plugin(s)
2020-01-14 16:06:05.902  INFO 8868 --- [main] s.d.s.w.s.ApiListingReferenceScanner     : Scanning for api listing references
2020-01-14 16:06:05.985  INFO 8868 --- [main] o.s.b.w.embedded.tomcat.TomcatWebServer  : Tomcat started on port(s): 8080 (http) with context path ''
2020-01-14 16:06:05.991  INFO 8868 --- [main] com.xr.boot.BootApplication              : Started BootApplication in 16.643 seconds (JVM running for 19.597)
2020-01-14 16:06:12.365  INFO 8868 --- [http-nio-8080-exec-1] o.a.c.c.C.[Tomcat].[localhost].[/]       : Initializing Spring DispatcherServlet 'dispatcherServlet'
2020-01-14 16:06:12.366  INFO 8868 --- [http-nio-8080-exec-1] o.s.web.servlet.DispatcherServlet        : Initializing Servlet 'dispatcherServlet'
2020-01-14 16:06:12.382  INFO 8868 --- [http-nio-8080-exec-1] o.s.web.servlet.DispatcherServlet        : Completed initialization in 16 ms
2020-01-14 16:06:13.047  INFO 8868 --- [http-nio-8080-exec-1] io.lettuce.core.EpollProvider            : Starting without optional epoll library
2020-01-14 16:06:13.050  INFO 8868 --- [http-nio-8080-exec-1] io.lettuce.core.KqueueProvider           : Starting without optional kqueue library
2020-01-14 16:06:14.472 DEBUG 8868 --- [http-nio-8080-exec-1] c.x.b.c.b.BasicArchiveController         : 从redis中取出值
2020-01-14 16:06:37.458 DEBUG 8868 --- [http-nio-8080-exec-2] c.x.b.c.b.BasicArchiveController         : 从redis中取出值
2020-01-14 16:06:41.452 ERROR 8868 --- [http-nio-8080-exec-3] o.a.c.c.C.[.[.[/].[dispatcherServlet]    : Servlet.service() for servlet [dispatcherServlet] in context with path [] threw exception [Request processing failed; nested exception is java.lang.NullPointerException] with root cause

java.lang.NullPointerException: null
	at com.xr.boot.controller.system.SyEmpController.parseToken(SyEmpController.java:39) ~[classes/:na]
	at sun.reflect.NativeMethodAccessorImpl.invoke0(Native Method) ~[na:1.8.0_211]
	at sun.reflect.NativeMethodAccessorImpl.invoke(NativeMethodAccessorImpl.java:62) ~[na:1.8.0_211]
	at sun.reflect.DelegatingMethodAccessorImpl.invoke(DelegatingMethodAccessorImpl.java:43) ~[na:1.8.0_211]
	at java.lang.reflect.Method.invoke(Method.java:498) ~[na:1.8.0_211]
	at org.springframework.web.method.support.InvocableHandlerMethod.doInvoke(InvocableHandlerMethod.java:190) ~[spring-web-5.2.1.RELEASE.jar:5.2.1.RELEASE]
	at org.springframework.web.method.support.InvocableHandlerMethod.invokeForRequest(InvocableHandlerMethod.java:138) ~[spring-web-5.2.1.RELEASE.jar:5.2.1.RELEASE]
	at org.springframework.web.servlet.mvc.method.annotation.ServletInvocableHandlerMethod.invokeAndHandle(ServletInvocableHandlerMethod.java:106) ~[spring-webmvc-5.2.1.RELEASE.jar:5.2.1.RELEASE]
	at org.springframework.web.servlet.mvc.method.annotation.RequestMappingHandlerAdapter.invokeHandlerMethod(RequestMappingHandlerAdapter.java:888) ~[spring-webmvc-5.2.1.RELEASE.jar:5.2.1.RELEASE]
	at org.springframework.web.servlet.mvc.method.annotation.RequestMappingHandlerAdapter.handleInternal(RequestMappingHandlerAdapter.java:793) ~[spring-webmvc-5.2.1.RELEASE.jar:5.2.1.RELEASE]
	at org.springframework.web.servlet.mvc.method.AbstractHandlerMethodAdapter.handle(AbstractHandlerMethodAdapter.java:87) ~[spring-webmvc-5.2.1.RELEASE.jar:5.2.1.RELEASE]
	at org.springframework.web.servlet.DispatcherServlet.doDispatch(DispatcherServlet.java:1040) ~[spring-webmvc-5.2.1.RELEASE.jar:5.2.1.RELEASE]
	at org.springframework.web.servlet.DispatcherServlet.doService(DispatcherServlet.java:943) ~[spring-webmvc-5.2.1.RELEASE.jar:5.2.1.RELEASE]
	at org.springframework.web.servlet.FrameworkServlet.processRequest(FrameworkServlet.java:1006) ~[spring-webmvc-5.2.1.RELEASE.jar:5.2.1.RELEASE]
	at org.springframework.web.servlet.FrameworkServlet.doGet(FrameworkServlet.java:898) ~[spring-webmvc-5.2.1.RELEASE.jar:5.2.1.RELEASE]
	at javax.servlet.http.HttpServlet.service(HttpServlet.java:634) ~[tomcat-embed-core-9.0.27.jar:9.0.27]
	at org.springframework.web.servlet.FrameworkServlet.service(FrameworkServlet.java:883) ~[spring-webmvc-5.2.1.RELEASE.jar:5.2.1.RELEASE]
	at javax.servlet.http.HttpServlet.service(HttpServlet.java:741) ~[tomcat-embed-core-9.0.27.jar:9.0.27]
	at org.apache.catalina.core.ApplicationFilterChain.internalDoFilter(ApplicationFilterChain.java:231) ~[tomcat-embed-core-9.0.27.jar:9.0.27]
	at org.apache.catalina.core.ApplicationFilterChain.doFilter(ApplicationFilterChain.java:166) ~[tomcat-embed-core-9.0.27.jar:9.0.27]
	at org.apache.tomcat.websocket.server.WsFilter.doFilter(WsFilter.java:53) ~[tomcat-embed-websocket-9.0.27.jar:9.0.27]
	at org.apache.catalina.core.ApplicationFilterChain.internalDoFilter(ApplicationFilterChain.java:193) ~[tomcat-embed-core-9.0.27.jar:9.0.27]
	at org.apache.catalina.core.ApplicationFilterChain.doFilter(ApplicationFilterChain.java:166) ~[tomcat-embed-core-9.0.27.jar:9.0.27]
	at org.springframework.web.filter.RequestContextFilter.doFilterInternal(RequestContextFilter.java:100) ~[spring-web-5.2.1.RELEASE.jar:5.2.1.RELEASE]
	at org.springframework.web.filter.OncePerRequestFilter.doFilter(OncePerRequestFilter.java:119) ~[spring-web-5.2.1.RELEASE.jar:5.2.1.RELEASE]
	at org.apache.catalina.core.ApplicationFilterChain.internalDoFilter(ApplicationFilterChain.java:193) ~[tomcat-embed-core-9.0.27.jar:9.0.27]
	at org.apache.catalina.core.ApplicationFilterChain.doFilter(ApplicationFilterChain.java:166) ~[tomcat-embed-core-9.0.27.jar:9.0.27]
	at org.springframework.web.filter.FormContentFilter.doFilterInternal(FormContentFilter.java:93) ~[spring-web-5.2.1.RELEASE.jar:5.2.1.RELEASE]
	at org.springframework.web.filter.OncePerRequestFilter.doFilter(OncePerRequestFilter.java:119) ~[spring-web-5.2.1.RELEASE.jar:5.2.1.RELEASE]
	at org.apache.catalina.core.ApplicationFilterChain.internalDoFilter(ApplicationFilterChain.java:193) ~[tomcat-embed-core-9.0.27.jar:9.0.27]
	at org.apache.catalina.core.ApplicationFilterChain.doFilter(ApplicationFilterChain.java:166) ~[tomcat-embed-core-9.0.27.jar:9.0.27]
	at org.springframework.web.filter.CharacterEncodingFilter.doFilterInternal(CharacterEncodingFilter.java:201) ~[spring-web-5.2.1.RELEASE.jar:5.2.1.RELEASE]
	at org.springframework.web.filter.OncePerRequestFilter.doFilter(OncePerRequestFilter.java:119) ~[spring-web-5.2.1.RELEASE.jar:5.2.1.RELEASE]
	at org.apache.catalina.core.ApplicationFilterChain.internalDoFilter(ApplicationFilterChain.java:193) ~[tomcat-embed-core-9.0.27.jar:9.0.27]
	at org.apache.catalina.core.ApplicationFilterChain.doFilter(ApplicationFilterChain.java:166) ~[tomcat-embed-core-9.0.27.jar:9.0.27]
	at org.springframework.web.filter.HttpPutFormContentFilter.doFilterInternal(HttpPutFormContentFilter.java:113) ~[spring-web-5.2.1.RELEASE.jar:5.2.1.RELEASE]
	at org.springframework.web.filter.OncePerRequestFilter.doFilter(OncePerRequestFilter.java:119) ~[spring-web-5.2.1.RELEASE.jar:5.2.1.RELEASE]
	at org.apache.catalina.core.ApplicationFilterChain.internalDoFilter(ApplicationFilterChain.java:193) ~[tomcat-embed-core-9.0.27.jar:9.0.27]
	at org.apache.catalina.core.ApplicationFilterChain.doFilter(ApplicationFilterChain.java:166) ~[tomcat-embed-core-9.0.27.jar:9.0.27]
	at org.apache.catalina.core.StandardWrapperValve.invoke(StandardWrapperValve.java:202) ~[tomcat-embed-core-9.0.27.jar:9.0.27]
	at org.apache.catalina.core.StandardContextValve.invoke(StandardContextValve.java:96) [tomcat-embed-core-9.0.27.jar:9.0.27]
	at org.apache.catalina.authenticator.AuthenticatorBase.invoke(AuthenticatorBase.java:526) [tomcat-embed-core-9.0.27.jar:9.0.27]
	at org.apache.catalina.core.StandardHostValve.invoke(StandardHostValve.java:139) [tomcat-embed-core-9.0.27.jar:9.0.27]
	at org.apache.catalina.valves.ErrorReportValve.invoke(ErrorReportValve.java:92) [tomcat-embed-core-9.0.27.jar:9.0.27]
	at org.apache.catalina.core.StandardEngineValve.invoke(StandardEngineValve.java:74) [tomcat-embed-core-9.0.27.jar:9.0.27]
	at org.apache.catalina.connector.CoyoteAdapter.service(CoyoteAdapter.java:343) [tomcat-embed-core-9.0.27.jar:9.0.27]
	at org.apache.coyote.http11.Http11Processor.service(Http11Processor.java:408) [tomcat-embed-core-9.0.27.jar:9.0.27]
	at org.apache.coyote.AbstractProcessorLight.process(AbstractProcessorLight.java:66) [tomcat-embed-core-9.0.27.jar:9.0.27]
	at org.apache.coyote.AbstractProtocol$ConnectionHandler.process(AbstractProtocol.java:861) [tomcat-embed-core-9.0.27.jar:9.0.27]
	at org.apache.tomcat.util.net.NioEndpoint$SocketProcessor.doRun(NioEndpoint.java:1579) [tomcat-embed-core-9.0.27.jar:9.0.27]
	at org.apache.tomcat.util.net.SocketProcessorBase.run(SocketProcessorBase.java:49) [tomcat-embed-core-9.0.27.jar:9.0.27]
	at java.util.concurrent.ThreadPoolExecutor.runWorker(ThreadPoolExecutor.java:1149) [na:1.8.0_211]
	at java.util.concurrent.ThreadPoolExecutor$Worker.run(ThreadPoolExecutor.java:624) [na:1.8.0_211]
	at org.apache.tomcat.util.threads.TaskThread$WrappingRunnable.run(TaskThread.java:61) [tomcat-embed-core-9.0.27.jar:9.0.27]
	at java.lang.Thread.run(Thread.java:748) [na:1.8.0_211]

2020-01-14 16:06:47.499 DEBUG 8868 --- [http-nio-8080-exec-4] c.x.b.d.b.B.upBasBasicArchivesById       : ==>  Preparing: update bas_basicarchives set Grade=?,Remarks=? where Id=? 
2020-01-14 16:06:48.549 DEBUG 8868 --- [http-nio-8080-exec-4] c.x.b.d.b.B.upBasBasicArchivesById       : ==> Parameters: 1(Long), 和改革和韩国通过v发(String), 3(Long)
2020-01-14 16:06:48.632 DEBUG 8868 --- [http-nio-8080-exec-4] c.x.b.d.b.B.upBasBasicArchivesById       : <==    Updates: 1
2020-01-14 16:06:49.646  WARN 8868 --- [http-nio-8080-exec-4] o.s.b.a.klock.core.KlockAspectHandler    : Timeout while release Lock(lock.com.xr.boot.service.basicPackage.impl.BasBasicArchiveServiceImpl.upBasBasicArchivesById)
2020-01-14 16:06:51.475 DEBUG 8868 --- [http-nio-8080-exec-5] c.x.b.d.b.B.findBasicArchives            : ==>  Preparing: SELECT bb.ID,bb.BasicFileNumber,bb.`Name`,bb.Grade,bb.OperatorID,bb.OperationUnitID,bb.Remarks,bb.OperationTime FROM bas_basicarchives bb,sy_emp se,sy_units su WHERE (bb.OperatorID=se.ID and bb.OperationUnitID=su.ID and 1=1) order by bb.grade desc,bb.operationtime desc 
2020-01-14 16:06:51.625 DEBUG 8868 --- [http-nio-8080-exec-5] c.x.b.d.b.B.findBasicArchives            : ==> Parameters: 
2020-01-14 16:06:52.483 DEBUG 8868 --- [http-nio-8080-exec-5] c.x.b.d.s.SyEmpMapper.findSyEmpById      : ====>  Preparing: select ID,EmpName,EmpNo,Pwd,QueryPwd,RoleID,EmpUnit,Remark,Disabled from sy_emp where ID=? 
2020-01-14 16:06:52.514 DEBUG 8868 --- [http-nio-8080-exec-5] c.x.b.d.s.SyEmpMapper.findSyEmpById      : ====> Parameters: 1(Integer)
2020-01-14 16:06:52.558 DEBUG 8868 --- [http-nio-8080-exec-5] c.x.b.d.s.SyEmpMapper.findSyEmpById      : <====      Total: 1
2020-01-14 16:06:52.559 DEBUG 8868 --- [http-nio-8080-exec-5] c.x.b.d.s.SyUnitsMapper.findSyUnitById   : ====>  Preparing: select ID,`Name`,Remarks,OperatorID,parentid,OperationTime,Stats from sy_units where id=? 
2020-01-14 16:06:52.583 DEBUG 8868 --- [http-nio-8080-exec-5] c.x.b.d.s.SyUnitsMapper.findSyUnitById   : ====> Parameters: 2(Integer)
2020-01-14 16:06:52.635 DEBUG 8868 --- [http-nio-8080-exec-5] c.x.b.d.s.SyUnitsMapper.findSyUnitById   : <====      Total: 1
2020-01-14 16:06:52.637 DEBUG 8868 --- [http-nio-8080-exec-5] c.x.b.d.s.SyEmpMapper.findSyEmpById      : ====>  Preparing: select ID,EmpName,EmpNo,Pwd,QueryPwd,RoleID,EmpUnit,Remark,Disabled from sy_emp where ID=? 
2020-01-14 16:06:52.638 DEBUG 8868 --- [http-nio-8080-exec-5] c.x.b.d.s.SyEmpMapper.findSyEmpById      : ====> Parameters: 3(Integer)
2020-01-14 16:06:53.477 DEBUG 8868 --- [http-nio-8080-exec-5] c.x.b.d.s.SyEmpMapper.findSyEmpById      : <====      Total: 1
2020-01-14 16:06:53.485 DEBUG 8868 --- [http-nio-8080-exec-5] c.x.b.d.b.B.findBasicArchives            : <==      Total: 13
2020-01-14 16:07:59.624 DEBUG 8868 --- [http-nio-8080-exec-6] c.x.b.c.b.BasicArchiveController         : 从redis中取出值
2020-01-14 16:08:03.169 ERROR 8868 --- [http-nio-8080-exec-7] o.a.c.c.C.[.[.[/].[dispatcherServlet]    : Servlet.service() for servlet [dispatcherServlet] in context with path [] threw exception [Request processing failed; nested exception is java.lang.NullPointerException] with root cause

java.lang.NullPointerException: null
	at com.xr.boot.controller.system.SyEmpController.parseToken(SyEmpController.java:39) ~[classes/:na]
	at sun.reflect.NativeMethodAccessorImpl.invoke0(Native Method) ~[na:1.8.0_211]
	at sun.reflect.NativeMethodAccessorImpl.invoke(NativeMethodAccessorImpl.java:62) ~[na:1.8.0_211]
	at sun.reflect.DelegatingMethodAccessorImpl.invoke(DelegatingMethodAccessorImpl.java:43) ~[na:1.8.0_211]
	at java.lang.reflect.Method.invoke(Method.java:498) ~[na:1.8.0_211]
	at org.springframework.web.method.support.InvocableHandlerMethod.doInvoke(InvocableHandlerMethod.java:190) ~[spring-web-5.2.1.RELEASE.jar:5.2.1.RELEASE]
	at org.springframework.web.method.support.InvocableHandlerMethod.invokeForRequest(InvocableHandlerMethod.java:138) ~[spring-web-5.2.1.RELEASE.jar:5.2.1.RELEASE]
	at org.springframework.web.servlet.mvc.method.annotation.ServletInvocableHandlerMethod.invokeAndHandle(ServletInvocableHandlerMethod.java:106) ~[spring-webmvc-5.2.1.RELEASE.jar:5.2.1.RELEASE]
	at org.springframework.web.servlet.mvc.method.annotation.RequestMappingHandlerAdapter.invokeHandlerMethod(RequestMappingHandlerAdapter.java:888) ~[spring-webmvc-5.2.1.RELEASE.jar:5.2.1.RELEASE]
	at org.springframework.web.servlet.mvc.method.annotation.RequestMappingHandlerAdapter.handleInternal(RequestMappingHandlerAdapter.java:793) ~[spring-webmvc-5.2.1.RELEASE.jar:5.2.1.RELEASE]
	at org.springframework.web.servlet.mvc.method.AbstractHandlerMethodAdapter.handle(AbstractHandlerMethodAdapter.java:87) ~[spring-webmvc-5.2.1.RELEASE.jar:5.2.1.RELEASE]
	at org.springframework.web.servlet.DispatcherServlet.doDispatch(DispatcherServlet.java:1040) ~[spring-webmvc-5.2.1.RELEASE.jar:5.2.1.RELEASE]
	at org.springframework.web.servlet.DispatcherServlet.doService(DispatcherServlet.java:943) ~[spring-webmvc-5.2.1.RELEASE.jar:5.2.1.RELEASE]
	at org.springframework.web.servlet.FrameworkServlet.processRequest(FrameworkServlet.java:1006) ~[spring-webmvc-5.2.1.RELEASE.jar:5.2.1.RELEASE]
	at org.springframework.web.servlet.FrameworkServlet.doGet(FrameworkServlet.java:898) ~[spring-webmvc-5.2.1.RELEASE.jar:5.2.1.RELEASE]
	at javax.servlet.http.HttpServlet.service(HttpServlet.java:634) ~[tomcat-embed-core-9.0.27.jar:9.0.27]
	at org.springframework.web.servlet.FrameworkServlet.service(FrameworkServlet.java:883) ~[spring-webmvc-5.2.1.RELEASE.jar:5.2.1.RELEASE]
	at javax.servlet.http.HttpServlet.service(HttpServlet.java:741) ~[tomcat-embed-core-9.0.27.jar:9.0.27]
	at org.apache.catalina.core.ApplicationFilterChain.internalDoFilter(ApplicationFilterChain.java:231) ~[tomcat-embed-core-9.0.27.jar:9.0.27]
	at org.apache.catalina.core.ApplicationFilterChain.doFilter(ApplicationFilterChain.java:166) ~[tomcat-embed-core-9.0.27.jar:9.0.27]
	at org.apache.tomcat.websocket.server.WsFilter.doFilter(WsFilter.java:53) ~[tomcat-embed-websocket-9.0.27.jar:9.0.27]
	at org.apache.catalina.core.ApplicationFilterChain.internalDoFilter(ApplicationFilterChain.java:193) ~[tomcat-embed-core-9.0.27.jar:9.0.27]
	at org.apache.catalina.core.ApplicationFilterChain.doFilter(ApplicationFilterChain.java:166) ~[tomcat-embed-core-9.0.27.jar:9.0.27]
	at org.springframework.web.filter.RequestContextFilter.doFilterInternal(RequestContextFilter.java:100) ~[spring-web-5.2.1.RELEASE.jar:5.2.1.RELEASE]
	at org.springframework.web.filter.OncePerRequestFilter.doFilter(OncePerRequestFilter.java:119) ~[spring-web-5.2.1.RELEASE.jar:5.2.1.RELEASE]
	at org.apache.catalina.core.ApplicationFilterChain.internalDoFilter(ApplicationFilterChain.java:193) ~[tomcat-embed-core-9.0.27.jar:9.0.27]
	at org.apache.catalina.core.ApplicationFilterChain.doFilter(ApplicationFilterChain.java:166) ~[tomcat-embed-core-9.0.27.jar:9.0.27]
	at org.springframework.web.filter.FormContentFilter.doFilterInternal(FormContentFilter.java:93) ~[spring-web-5.2.1.RELEASE.jar:5.2.1.RELEASE]
	at org.springframework.web.filter.OncePerRequestFilter.doFilter(OncePerRequestFilter.java:119) ~[spring-web-5.2.1.RELEASE.jar:5.2.1.RELEASE]
	at org.apache.catalina.core.ApplicationFilterChain.internalDoFilter(ApplicationFilterChain.java:193) ~[tomcat-embed-core-9.0.27.jar:9.0.27]
	at org.apache.catalina.core.ApplicationFilterChain.doFilter(ApplicationFilterChain.java:166) ~[tomcat-embed-core-9.0.27.jar:9.0.27]
	at org.springframework.web.filter.CharacterEncodingFilter.doFilterInternal(CharacterEncodingFilter.java:201) ~[spring-web-5.2.1.RELEASE.jar:5.2.1.RELEASE]
	at org.springframework.web.filter.OncePerRequestFilter.doFilter(OncePerRequestFilter.java:119) ~[spring-web-5.2.1.RELEASE.jar:5.2.1.RELEASE]
	at org.apache.catalina.core.ApplicationFilterChain.internalDoFilter(ApplicationFilterChain.java:193) ~[tomcat-embed-core-9.0.27.jar:9.0.27]
	at org.apache.catalina.core.ApplicationFilterChain.doFilter(ApplicationFilterChain.java:166) ~[tomcat-embed-core-9.0.27.jar:9.0.27]
	at org.springframework.web.filter.HttpPutFormContentFilter.doFilterInternal(HttpPutFormContentFilter.java:113) ~[spring-web-5.2.1.RELEASE.jar:5.2.1.RELEASE]
	at org.springframework.web.filter.OncePerRequestFilter.doFilter(OncePerRequestFilter.java:119) ~[spring-web-5.2.1.RELEASE.jar:5.2.1.RELEASE]
	at org.apache.catalina.core.ApplicationFilterChain.internalDoFilter(ApplicationFilterChain.java:193) ~[tomcat-embed-core-9.0.27.jar:9.0.27]
	at org.apache.catalina.core.ApplicationFilterChain.doFilter(ApplicationFilterChain.java:166) ~[tomcat-embed-core-9.0.27.jar:9.0.27]
	at org.apache.catalina.core.StandardWrapperValve.invoke(StandardWrapperValve.java:202) ~[tomcat-embed-core-9.0.27.jar:9.0.27]
	at org.apache.catalina.core.StandardContextValve.invoke(StandardContextValve.java:96) [tomcat-embed-core-9.0.27.jar:9.0.27]
	at org.apache.catalina.authenticator.AuthenticatorBase.invoke(AuthenticatorBase.java:526) [tomcat-embed-core-9.0.27.jar:9.0.27]
	at org.apache.catalina.core.StandardHostValve.invoke(StandardHostValve.java:139) [tomcat-embed-core-9.0.27.jar:9.0.27]
	at org.apache.catalina.valves.ErrorReportValve.invoke(ErrorReportValve.java:92) [tomcat-embed-core-9.0.27.jar:9.0.27]
	at org.apache.catalina.core.StandardEngineValve.invoke(StandardEngineValve.java:74) [tomcat-embed-core-9.0.27.jar:9.0.27]
	at org.apache.catalina.connector.CoyoteAdapter.service(CoyoteAdapter.java:343) [tomcat-embed-core-9.0.27.jar:9.0.27]
	at org.apache.coyote.http11.Http11Processor.service(Http11Processor.java:408) [tomcat-embed-core-9.0.27.jar:9.0.27]
	at org.apache.coyote.AbstractProcessorLight.process(AbstractProcessorLight.java:66) [tomcat-embed-core-9.0.27.jar:9.0.27]
	at org.apache.coyote.AbstractProtocol$ConnectionHandler.process(AbstractProtocol.java:861) [tomcat-embed-core-9.0.27.jar:9.0.27]
	at org.apache.tomcat.util.net.NioEndpoint$SocketProcessor.doRun(NioEndpoint.java:1579) [tomcat-embed-core-9.0.27.jar:9.0.27]
	at org.apache.tomcat.util.net.SocketProcessorBase.run(SocketProcessorBase.java:49) [tomcat-embed-core-9.0.27.jar:9.0.27]
	at java.util.concurrent.ThreadPoolExecutor.runWorker(ThreadPoolExecutor.java:1149) [na:1.8.0_211]
	at java.util.concurrent.ThreadPoolExecutor$Worker.run(ThreadPoolExecutor.java:624) [na:1.8.0_211]
	at org.apache.tomcat.util.threads.TaskThread$WrappingRunnable.run(TaskThread.java:61) [tomcat-embed-core-9.0.27.jar:9.0.27]
	at java.lang.Thread.run(Thread.java:748) [na:1.8.0_211]

2020-01-14 16:08:07.466 DEBUG 8868 --- [http-nio-8080-exec-8] c.x.b.d.b.B.upBasBasicArchivesById       : ==>  Preparing: update bas_basicarchives set Grade=?,Remarks=? where Id=? 
2020-01-14 16:08:07.559 DEBUG 8868 --- [http-nio-8080-exec-8] c.x.b.d.b.B.upBasBasicArchivesById       : ==> Parameters: 1(Long), 和改革和韩国通过v发地方(String), 3(Long)
2020-01-14 16:08:07.654 DEBUG 8868 --- [http-nio-8080-exec-8] c.x.b.d.b.B.upBasBasicArchivesById       : <==    Updates: 1
2020-01-14 16:08:08.592  WARN 8868 --- [http-nio-8080-exec-8] o.s.b.a.klock.core.KlockAspectHandler    : Timeout while release Lock(lock.com.xr.boot.service.basicPackage.impl.BasBasicArchiveServiceImpl.upBasBasicArchivesById)
2020-01-14 16:08:09.447 DEBUG 8868 --- [http-nio-8080-exec-9] c.x.b.d.b.B.findBasicArchives            : ==>  Preparing: SELECT bb.ID,bb.BasicFileNumber,bb.`Name`,bb.Grade,bb.OperatorID,bb.OperationUnitID,bb.Remarks,bb.OperationTime FROM bas_basicarchives bb,sy_emp se,sy_units su WHERE (bb.OperatorID=se.ID and bb.OperationUnitID=su.ID and 1=1) order by bb.grade desc,bb.operationtime desc 
2020-01-14 16:08:09.531 DEBUG 8868 --- [http-nio-8080-exec-9] c.x.b.d.b.B.findBasicArchives            : ==> Parameters: 
2020-01-14 16:08:09.587 DEBUG 8868 --- [http-nio-8080-exec-9] c.x.b.d.s.SyEmpMapper.findSyEmpById      : ====>  Preparing: select ID,EmpName,EmpNo,Pwd,QueryPwd,RoleID,EmpUnit,Remark,Disabled from sy_emp where ID=? 
2020-01-14 16:08:09.588 DEBUG 8868 --- [http-nio-8080-exec-9] c.x.b.d.s.SyEmpMapper.findSyEmpById      : ====> Parameters: 1(Integer)
2020-01-14 16:08:09.644 DEBUG 8868 --- [http-nio-8080-exec-9] c.x.b.d.s.SyEmpMapper.findSyEmpById      : <====      Total: 1
2020-01-14 16:08:09.645 DEBUG 8868 --- [http-nio-8080-exec-9] c.x.b.d.s.SyUnitsMapper.findSyUnitById   : ====>  Preparing: select ID,`Name`,Remarks,OperatorID,parentid,OperationTime,Stats from sy_units where id=? 
2020-01-14 16:08:09.645 DEBUG 8868 --- [http-nio-8080-exec-9] c.x.b.d.s.SyUnitsMapper.findSyUnitById   : ====> Parameters: 2(Integer)
2020-01-14 16:08:10.469 DEBUG 8868 --- [http-nio-8080-exec-9] c.x.b.d.s.SyUnitsMapper.findSyUnitById   : <====      Total: 1
2020-01-14 16:08:10.473 DEBUG 8868 --- [http-nio-8080-exec-9] c.x.b.d.s.SyEmpMapper.findSyEmpById      : ====>  Preparing: select ID,EmpName,EmpNo,Pwd,QueryPwd,RoleID,EmpUnit,Remark,Disabled from sy_emp where ID=? 
2020-01-14 16:08:10.473 DEBUG 8868 --- [http-nio-8080-exec-9] c.x.b.d.s.SyEmpMapper.findSyEmpById      : ====> Parameters: 3(Integer)
2020-01-14 16:08:10.523 DEBUG 8868 --- [http-nio-8080-exec-9] c.x.b.d.s.SyEmpMapper.findSyEmpById      : <====      Total: 1
2020-01-14 16:08:10.530 DEBUG 8868 --- [http-nio-8080-exec-9] c.x.b.d.b.B.findBasicArchives            : <==      Total: 13
2020-01-14 16:09:22.519 DEBUG 8868 --- [http-nio-8080-exec-10] c.x.b.c.b.BasicArchiveController         : 从redis中取出值
2020-01-14 16:09:30.477 DEBUG 8868 --- [http-nio-8080-exec-1] c.x.b.d.b.B.upBasBasicArchivesById       : ==>  Preparing: update bas_basicarchives set Grade=?,Remarks=? where Id=? 
2020-01-14 16:09:30.569 DEBUG 8868 --- [http-nio-8080-exec-1] c.x.b.d.b.B.upBasBasicArchivesById       : ==> Parameters: 1(Long), 和改革和韩国通过v发(String), 3(Long)
2020-01-14 16:09:30.650 DEBUG 8868 --- [http-nio-8080-exec-1] c.x.b.d.b.B.upBasBasicArchivesById       : <==    Updates: 1
2020-01-14 16:09:32.470  WARN 8868 --- [http-nio-8080-exec-1] o.s.b.a.klock.core.KlockAspectHandler    : Timeout while release Lock(lock.com.xr.boot.service.basicPackage.impl.BasBasicArchiveServiceImpl.upBasBasicArchivesById)
2020-01-14 16:09:33.454 DEBUG 8868 --- [http-nio-8080-exec-2] c.x.b.d.b.B.findBasicArchives            : ==>  Preparing: SELECT bb.ID,bb.BasicFileNumber,bb.`Name`,bb.Grade,bb.OperatorID,bb.OperationUnitID,bb.Remarks,bb.OperationTime FROM bas_basicarchives bb,sy_emp se,sy_units su WHERE (bb.OperatorID=se.ID and bb.OperationUnitID=su.ID and 1=1) order by bb.grade desc,bb.operationtime desc 
2020-01-14 16:09:33.538 DEBUG 8868 --- [http-nio-8080-exec-2] c.x.b.d.b.B.findBasicArchives            : ==> Parameters: 
2020-01-14 16:09:33.627 DEBUG 8868 --- [http-nio-8080-exec-2] c.x.b.d.s.SyEmpMapper.findSyEmpById      : ====>  Preparing: select ID,EmpName,EmpNo,Pwd,QueryPwd,RoleID,EmpUnit,Remark,Disabled from sy_emp where ID=? 
2020-01-14 16:09:33.628 DEBUG 8868 --- [http-nio-8080-exec-2] c.x.b.d.s.SyEmpMapper.findSyEmpById      : ====> Parameters: 1(Integer)
2020-01-14 16:09:34.456 DEBUG 8868 --- [http-nio-8080-exec-2] c.x.b.d.s.SyEmpMapper.findSyEmpById      : <====      Total: 1
2020-01-14 16:09:34.457 DEBUG 8868 --- [http-nio-8080-exec-2] c.x.b.d.s.SyUnitsMapper.findSyUnitById   : ====>  Preparing: select ID,`Name`,Remarks,OperatorID,parentid,OperationTime,Stats from sy_units where id=? 
2020-01-14 16:09:34.457 DEBUG 8868 --- [http-nio-8080-exec-2] c.x.b.d.s.SyUnitsMapper.findSyUnitById   : ====> Parameters: 2(Integer)
2020-01-14 16:09:34.516 DEBUG 8868 --- [http-nio-8080-exec-2] c.x.b.d.s.SyUnitsMapper.findSyUnitById   : <====      Total: 1
2020-01-14 16:09:34.519 DEBUG 8868 --- [http-nio-8080-exec-2] c.x.b.d.s.SyEmpMapper.findSyEmpById      : ====>  Preparing: select ID,EmpName,EmpNo,Pwd,QueryPwd,RoleID,EmpUnit,Remark,Disabled from sy_emp where ID=? 
2020-01-14 16:09:34.519 DEBUG 8868 --- [http-nio-8080-exec-2] c.x.b.d.s.SyEmpMapper.findSyEmpById      : ====> Parameters: 3(Integer)
2020-01-14 16:09:34.574 DEBUG 8868 --- [http-nio-8080-exec-2] c.x.b.d.s.SyEmpMapper.findSyEmpById      : <====      Total: 1
2020-01-14 16:09:34.578 DEBUG 8868 --- [http-nio-8080-exec-2] c.x.b.d.b.B.findBasicArchives            : <==      Total: 13
2020-01-14 16:10:05.480 DEBUG 8868 --- [http-nio-8080-exec-3] c.x.b.c.b.BasicArchiveController         : 从redis中取出值
2020-01-14 16:10:57.584  INFO 16240 --- [main] com.xr.boot.BootApplication              : Starting BootApplication on E53WRL7JY0MW6H1 with PID 16240 (H:\working\Bos\target\classes started by Administrator in H:\working\Bos)
2020-01-14 16:10:57.693 DEBUG 16240 --- [main] com.xr.boot.BootApplication              : Running with Spring Boot v2.2.1.RELEASE, Spring v5.2.1.RELEASE
2020-01-14 16:10:57.693  INFO 16240 --- [main] com.xr.boot.BootApplication              : No active profile set, falling back to default profiles: default
2020-01-14 16:11:01.174  INFO 16240 --- [main] .s.d.r.c.RepositoryConfigurationDelegate : Multiple Spring Data modules found, entering strict repository configuration mode!
2020-01-14 16:11:01.199  INFO 16240 --- [main] .s.d.r.c.RepositoryConfigurationDelegate : Bootstrapping Spring Data repositories in DEFAULT mode.
2020-01-14 16:11:01.251  INFO 16240 --- [main] .s.d.r.c.RepositoryConfigurationDelegate : Finished Spring Data repository scanning in 30ms. Found 0 repository interfaces.
2020-01-14 16:11:01.767  INFO 16240 --- [main] trationDelegate$BeanPostProcessorChecker : Bean 'org.springframework.transaction.annotation.ProxyTransactionManagementConfiguration' of type [org.springframework.transaction.annotation.ProxyTransactionManagementConfiguration] is not eligible for getting processed by all BeanPostProcessors (for example: not eligible for auto-proxying)
2020-01-14 16:11:02.390  INFO 16240 --- [main] o.s.b.w.embedded.tomcat.TomcatWebServer  : Tomcat initialized with port(s): 8080 (http)
2020-01-14 16:11:02.409  INFO 16240 --- [main] o.apache.catalina.core.StandardService   : Starting service [Tomcat]
2020-01-14 16:11:02.410  INFO 16240 --- [main] org.apache.catalina.core.StandardEngine  : Starting Servlet engine: [Apache Tomcat/9.0.27]
2020-01-14 16:11:02.415  INFO 16240 --- [main] o.a.catalina.core.AprLifecycleListener   : An older version [1.2.21] of the APR based Apache Tomcat Native library is installed, while Tomcat recommends a minimum version of [1.2.23]
2020-01-14 16:11:02.416  INFO 16240 --- [main] o.a.catalina.core.AprLifecycleListener   : Loaded APR based Apache Tomcat Native library [1.2.21] using APR version [1.6.5].
2020-01-14 16:11:02.417  INFO 16240 --- [main] o.a.catalina.core.AprLifecycleListener   : APR capabilities: IPv6 [true], sendfile [true], accept filters [false], random [true].
2020-01-14 16:11:02.419  INFO 16240 --- [main] o.a.catalina.core.AprLifecycleListener   : APR/OpenSSL configuration: useAprConnector [false], useOpenSSL [true]
2020-01-14 16:11:02.426  INFO 16240 --- [main] o.a.catalina.core.AprLifecycleListener   : OpenSSL successfully initialized [OpenSSL 1.1.1a  20 Nov 2018]
2020-01-14 16:11:02.836  INFO 16240 --- [main] o.a.c.c.C.[Tomcat].[localhost].[/]       : Initializing Spring embedded WebApplicationContext
2020-01-14 16:11:02.837  INFO 16240 --- [main] o.s.web.context.ContextLoader            : Root WebApplicationContext: initialization completed in 3811 ms
2020-01-14 16:11:02.908 DEBUG 16240 --- [main] com.xr.boot.config.PutFilter             : Filter 'putFilter' configured for use
2020-01-14 16:11:03.493  INFO 16240 --- [main] com.alibaba.druid.pool.DruidDataSource   : {dataSource-1} inited
2020-01-14 16:11:07.657  INFO 16240 --- [main] com.alibaba.druid.pool.DruidDataSource   : {dataSource-2} inited
2020-01-14 16:11:10.550  INFO 16240 --- [main] o.a.s.core.util.ConfigurationLogger      : MasterSlaveRuleConfiguration
loadBalanceAlgorithmType: round_robin
masterDataSourceName: ds0
name: dataSource
slaveDataSourceNames:
- ds1

2020-01-14 16:11:10.553  INFO 16240 --- [main] o.a.s.core.util.ConfigurationLogger      : Properties
{}

2020-01-14 16:11:13.643  INFO 16240 --- [main] pertySourcedRequestMappingHandlerMapping : Mapped URL path [/v2/api-docs] onto method [springfox.documentation.swagger2.web.Swagger2Controller#getDocumentation(String, HttpServletRequest)]
2020-01-14 16:11:14.038  INFO 16240 --- [main] o.s.s.concurrent.ThreadPoolTaskExecutor  : Initializing ExecutorService 'applicationTaskExecutor'
2020-01-14 16:11:15.187  INFO 16240 --- [main] org.redisson.Version                     : Redisson 3.2.0
2020-01-14 16:11:17.567  INFO 16240 --- [nioEventLoopGroup-4-3] o.r.c.pool.SinglePubSubConnectionPool    : 1 connections initialized for /47.100.39.234:6378
2020-01-14 16:11:17.575  INFO 16240 --- [nioEventLoopGroup-4-2] o.r.c.pool.MasterConnectionPool          : 5 connections initialized for /47.100.39.234:6378
2020-01-14 16:11:17.675  INFO 16240 --- [main] d.s.w.p.DocumentationPluginsBootstrapper : Context refreshed
2020-01-14 16:11:17.698  INFO 16240 --- [main] d.s.w.p.DocumentationPluginsBootstrapper : Found 1 custom documentation plugin(s)
2020-01-14 16:11:17.749  INFO 16240 --- [main] s.d.s.w.s.ApiListingReferenceScanner     : Scanning for api listing references
2020-01-14 16:11:17.823  INFO 16240 --- [main] o.s.b.w.embedded.tomcat.TomcatWebServer  : Tomcat started on port(s): 8080 (http) with context path ''
2020-01-14 16:11:17.828  INFO 16240 --- [main] com.xr.boot.BootApplication              : Started BootApplication in 21.998 seconds (JVM running for 24.864)
2020-01-14 16:11:24.302  INFO 16240 --- [http-nio-8080-exec-1] o.a.c.c.C.[Tomcat].[localhost].[/]       : Initializing Spring DispatcherServlet 'dispatcherServlet'
2020-01-14 16:11:24.303  INFO 16240 --- [http-nio-8080-exec-1] o.s.web.servlet.DispatcherServlet        : Initializing Servlet 'dispatcherServlet'
2020-01-14 16:11:24.334  INFO 16240 --- [http-nio-8080-exec-1] o.s.web.servlet.DispatcherServlet        : Completed initialization in 31 ms
2020-01-14 16:11:25.109  INFO 16240 --- [http-nio-8080-exec-1] io.lettuce.core.EpollProvider            : Starting without optional epoll library
2020-01-14 16:11:25.111  INFO 16240 --- [http-nio-8080-exec-1] io.lettuce.core.KqueueProvider           : Starting without optional kqueue library
2020-01-14 16:11:25.519 DEBUG 16240 --- [http-nio-8080-exec-1] c.x.b.c.b.BasicArchiveController         : 从redis中取出值
2020-01-14 16:12:42.444 DEBUG 16240 --- [http-nio-8080-exec-2] c.x.b.c.b.BasicArchiveController         : 从redis中取出值
2020-01-14 16:12:49.046 DEBUG 16240 --- [http-nio-8080-exec-3] .b.B.findBasBasicArchivesEntryByParentID : ==>  Preparing: select id,`name`,parentID,mnemonicCode,available,remarks,operatorid,operationunitid,operationtime from bas_basicarchivesentry where parentid=? 
2020-01-14 16:12:50.513 DEBUG 16240 --- [http-nio-8080-exec-3] .b.B.findBasBasicArchivesEntryByParentID : ==> Parameters: 16(Integer)
2020-01-14 16:12:50.582 DEBUG 16240 --- [http-nio-8080-exec-3] .b.B.findBasBasicArchivesEntryByParentID : <==      Total: 0
2020-01-14 16:13:40.516 DEBUG 16240 --- [http-nio-8080-exec-4] c.x.b.c.b.BasicArchiveController         : 从redis中取出值
2020-01-14 16:13:43.378 DEBUG 16240 --- [http-nio-8080-exec-5] .b.B.findBasBasicArchivesEntryByParentID : ==>  Preparing: select id,`name`,parentID,mnemonicCode,available,remarks,operatorid,operationunitid,operationtime from bas_basicarchivesentry where parentid=? 
2020-01-14 16:13:43.473 DEBUG 16240 --- [http-nio-8080-exec-5] .b.B.findBasBasicArchivesEntryByParentID : ==> Parameters: 16(Integer)
2020-01-14 16:13:43.530 DEBUG 16240 --- [http-nio-8080-exec-5] .b.B.findBasBasicArchivesEntryByParentID : <==      Total: 0
2020-01-14 16:14:25.563 DEBUG 16240 --- [http-nio-8080-exec-6] c.x.b.c.b.BasicArchiveController         : 从redis中取出值
2020-01-14 16:14:28.148 DEBUG 16240 --- [http-nio-8080-exec-7] .b.B.findBasBasicArchivesEntryByParentID : ==>  Preparing: select id,`name`,parentID,mnemonicCode,available,remarks,operatorid,operationunitid,operationtime from bas_basicarchivesentry where parentid=? 
2020-01-14 16:14:28.451 DEBUG 16240 --- [http-nio-8080-exec-7] .b.B.findBasBasicArchivesEntryByParentID : ==> Parameters: 3(Integer)
2020-01-14 16:14:28.503 DEBUG 16240 --- [http-nio-8080-exec-7] c.x.b.d.s.SyEmpMapper.findSyEmpById      : ====>  Preparing: select ID,EmpName,EmpNo,Pwd,QueryPwd,RoleID,EmpUnit,Remark,Disabled from sy_emp where ID=? 
2020-01-14 16:14:28.543 DEBUG 16240 --- [http-nio-8080-exec-7] c.x.b.d.s.SyEmpMapper.findSyEmpById      : ====> Parameters: 1(Integer)
2020-01-14 16:14:28.595 DEBUG 16240 --- [http-nio-8080-exec-7] c.x.b.d.s.SyEmpMapper.findSyEmpById      : <====      Total: 1
2020-01-14 16:14:28.596 DEBUG 16240 --- [http-nio-8080-exec-7] c.x.b.d.s.SyUnitsMapper.findSyUnitById   : ====>  Preparing: select ID,`Name`,Remarks,OperatorID,parentid,OperationTime,Stats from sy_units where id=? 
2020-01-14 16:14:28.622 DEBUG 16240 --- [http-nio-8080-exec-7] c.x.b.d.s.SyUnitsMapper.findSyUnitById   : ====> Parameters: 2(Integer)
2020-01-14 16:14:29.447 DEBUG 16240 --- [http-nio-8080-exec-7] c.x.b.d.s.SyUnitsMapper.findSyUnitById   : <====      Total: 1
2020-01-14 16:14:29.447 DEBUG 16240 --- [http-nio-8080-exec-7] .b.B.findBasBasicArchivesEntryByParentID : <==      Total: 1
2020-01-14 16:15:10.445 DEBUG 16240 --- [http-nio-8080-exec-8] c.x.b.c.b.BasicArchiveController         : 从redis中取出值
2020-01-14 16:15:13.918 DEBUG 16240 --- [http-nio-8080-exec-9] .b.B.findBasBasicArchivesEntryByParentID : ==>  Preparing: select id,`name`,parentID,mnemonicCode,available,remarks,operatorid,operationunitid,operationtime from bas_basicarchivesentry where parentid=? 
2020-01-14 16:15:14.464 DEBUG 16240 --- [http-nio-8080-exec-9] .b.B.findBasBasicArchivesEntryByParentID : ==> Parameters: 3(Integer)
2020-01-14 16:15:14.511 DEBUG 16240 --- [http-nio-8080-exec-9] c.x.b.d.s.SyEmpMapper.findSyEmpById      : ====>  Preparing: select ID,EmpName,EmpNo,Pwd,QueryPwd,RoleID,EmpUnit,Remark,Disabled from sy_emp where ID=? 
2020-01-14 16:15:14.511 DEBUG 16240 --- [http-nio-8080-exec-9] c.x.b.d.s.SyEmpMapper.findSyEmpById      : ====> Parameters: 1(Integer)
2020-01-14 16:15:14.566 DEBUG 16240 --- [http-nio-8080-exec-9] c.x.b.d.s.SyEmpMapper.findSyEmpById      : <====      Total: 1
2020-01-14 16:15:14.567 DEBUG 16240 --- [http-nio-8080-exec-9] c.x.b.d.s.SyUnitsMapper.findSyUnitById   : ====>  Preparing: select ID,`Name`,Remarks,OperatorID,parentid,OperationTime,Stats from sy_units where id=? 
2020-01-14 16:15:14.567 DEBUG 16240 --- [http-nio-8080-exec-9] c.x.b.d.s.SyUnitsMapper.findSyUnitById   : ====> Parameters: 2(Integer)
2020-01-14 16:15:14.625 DEBUG 16240 --- [http-nio-8080-exec-9] c.x.b.d.s.SyUnitsMapper.findSyUnitById   : <====      Total: 1
2020-01-14 16:15:14.625 DEBUG 16240 --- [http-nio-8080-exec-9] .b.B.findBasBasicArchivesEntryByParentID : <==      Total: 1
2020-01-14 16:16:11.551 DEBUG 16240 --- [http-nio-8080-exec-10] c.x.b.c.b.BasicArchiveController         : 从redis中取出值
2020-01-14 16:16:14.876 DEBUG 16240 --- [http-nio-8080-exec-1] .b.B.findBasBasicArchivesEntryByParentID : ==>  Preparing: select id,`name`,parentID,mnemonicCode,available,remarks,operatorid,operationunitid,operationtime from bas_basicarchivesentry where parentid=? 
2020-01-14 16:16:15.443 DEBUG 16240 --- [http-nio-8080-exec-1] .b.B.findBasBasicArchivesEntryByParentID : ==> Parameters: 3(Integer)
2020-01-14 16:16:15.497 DEBUG 16240 --- [http-nio-8080-exec-1] c.x.b.d.s.SyEmpMapper.findSyEmpById      : ====>  Preparing: select ID,EmpName,EmpNo,Pwd,QueryPwd,RoleID,EmpUnit,Remark,Disabled from sy_emp where ID=? 
2020-01-14 16:16:15.498 DEBUG 16240 --- [http-nio-8080-exec-1] c.x.b.d.s.SyEmpMapper.findSyEmpById      : ====> Parameters: 1(Integer)
2020-01-14 16:16:15.545 DEBUG 16240 --- [http-nio-8080-exec-1] c.x.b.d.s.SyEmpMapper.findSyEmpById      : <====      Total: 1
2020-01-14 16:16:15.546 DEBUG 16240 --- [http-nio-8080-exec-1] c.x.b.d.s.SyUnitsMapper.findSyUnitById   : ====>  Preparing: select ID,`Name`,Remarks,OperatorID,parentid,OperationTime,Stats from sy_units where id=? 
2020-01-14 16:16:15.547 DEBUG 16240 --- [http-nio-8080-exec-1] c.x.b.d.s.SyUnitsMapper.findSyUnitById   : ====> Parameters: 2(Integer)
2020-01-14 16:16:15.590 DEBUG 16240 --- [http-nio-8080-exec-1] c.x.b.d.s.SyUnitsMapper.findSyUnitById   : <====      Total: 1
2020-01-14 16:16:15.591 DEBUG 16240 --- [http-nio-8080-exec-1] .b.B.findBasBasicArchivesEntryByParentID : <==      Total: 1
2020-01-14 16:16:43.463 DEBUG 16240 --- [http-nio-8080-exec-2] c.x.b.c.b.BasicArchiveController         : 从redis中取出值
2020-01-14 16:16:46.790 DEBUG 16240 --- [http-nio-8080-exec-3] .b.B.findBasBasicArchivesEntryByParentID : ==>  Preparing: select id,`name`,parentID,mnemonicCode,available,remarks,operatorid,operationunitid,operationtime from bas_basicarchivesentry where parentid=? 
2020-01-14 16:16:47.585 DEBUG 16240 --- [http-nio-8080-exec-3] .b.B.findBasBasicArchivesEntryByParentID : ==> Parameters: 16(Integer)
2020-01-14 16:16:47.623 DEBUG 16240 --- [http-nio-8080-exec-3] .b.B.findBasBasicArchivesEntryByParentID : <==      Total: 0
2020-01-14 16:16:50.617 DEBUG 16240 --- [http-nio-8080-exec-4] c.x.b.c.b.BasicArchiveController         : 从redis中取出值
2020-01-14 16:16:54.518 DEBUG 16240 --- [http-nio-8080-exec-5] .b.B.findBasBasicArchivesEntryByParentID : ==>  Preparing: select id,`name`,parentID,mnemonicCode,available,remarks,operatorid,operationunitid,operationtime from bas_basicarchivesentry where parentid=? 
2020-01-14 16:16:55.449 DEBUG 16240 --- [http-nio-8080-exec-5] .b.B.findBasBasicArchivesEntryByParentID : ==> Parameters: 6(Integer)
2020-01-14 16:16:55.505 DEBUG 16240 --- [http-nio-8080-exec-5] c.x.b.d.s.SyEmpMapper.findSyEmpById      : ====>  Preparing: select ID,EmpName,EmpNo,Pwd,QueryPwd,RoleID,EmpUnit,Remark,Disabled from sy_emp where ID=? 
2020-01-14 16:16:55.506 DEBUG 16240 --- [http-nio-8080-exec-5] c.x.b.d.s.SyEmpMapper.findSyEmpById      : ====> Parameters: 1(Integer)
2020-01-14 16:16:55.543 DEBUG 16240 --- [http-nio-8080-exec-5] c.x.b.d.s.SyEmpMapper.findSyEmpById      : <====      Total: 1
2020-01-14 16:16:55.544 DEBUG 16240 --- [http-nio-8080-exec-5] c.x.b.d.s.SyUnitsMapper.findSyUnitById   : ====>  Preparing: select ID,`Name`,Remarks,OperatorID,parentid,OperationTime,Stats from sy_units where id=? 
2020-01-14 16:16:55.544 DEBUG 16240 --- [http-nio-8080-exec-5] c.x.b.d.s.SyUnitsMapper.findSyUnitById   : ====> Parameters: 2(Integer)
2020-01-14 16:16:55.598 DEBUG 16240 --- [http-nio-8080-exec-5] c.x.b.d.s.SyUnitsMapper.findSyUnitById   : <====      Total: 1
2020-01-14 16:16:55.599 DEBUG 16240 --- [http-nio-8080-exec-5] .b.B.findBasBasicArchivesEntryByParentID : <==      Total: 1
